{"numFailedTestSuites":0,"numFailedTests":0,"numPassedTestSuites":3,"numPassedTests":8,"numPendingTestSuites":0,"numPendingTests":0,"numRuntimeErrorTestSuites":0,"numTodoTests":0,"numTotalTestSuites":3,"numTotalTests":8,"openHandles":[],"snapshot":{"added":0,"didUpdate":false,"failure":false,"filesAdded":0,"filesRemoved":0,"filesRemovedList":[],"filesUnmatched":0,"filesUpdated":0,"matched":0,"total":0,"unchecked":0,"uncheckedKeysByFile":[],"unmatched":0,"updated":0},"startTime":1753687128964,"success":true,"testResults":[{"assertionResults":[{"ancestorTitles":["UserFeedbackList"],"failureMessages":[],"fullName":"UserFeedbackList testUserFeedbackListRendering: rendering, API mock, empty case, info display","location":null,"status":"passed","title":"testUserFeedbackListRendering: rendering, API mock, empty case, info display"},{"ancestorTitles":["UserFeedbackList"],"failureMessages":[],"fullName":"UserFeedbackList testUserFeedbackListRendering: shows empty state when no results","location":null,"status":"passed","title":"testUserFeedbackListRendering: shows empty state when no results"}],"endTime":1753687185042,"message":"","name":"/home/coder/project/workspace/question_generation_service/solutions/1c34684a-ddf4-4711-a280-584959df9b94/reactapp/src/components/UserFeedbackList.test.js","startTime":1753687180956,"status":"passed","summary":""},{"assertionResults":[{"ancestorTitles":["AdminFeedbackList"],"failureMessages":[],"fullName":"AdminFeedbackList renders table and action buttons for PENDING and non-PENDING","location":null,"status":"passed","title":"renders table and action buttons for PENDING and non-PENDING"},{"ancestorTitles":["AdminFeedbackList"],"failureMessages":[],"fullName":"AdminFeedbackList approve workflow opens dialog and calls API","location":null,"status":"passed","title":"approve workflow opens dialog and calls API"},{"ancestorTitles":["AdminFeedbackList"],"failureMessages":[],"fullName":"AdminFeedbackList reject workflow opens dialog and calls API","location":null,"status":"passed","title":"reject workflow opens dialog and calls API"},{"ancestorTitles":["AdminFeedbackList"],"failureMessages":[],"fullName":"AdminFeedbackList delete workflow opens dialog and calls API","location":null,"status":"passed","title":"delete workflow opens dialog and calls API"}],"endTime":1753687185079,"message":"","name":"/home/coder/project/workspace/question_generation_service/solutions/1c34684a-ddf4-4711-a280-584959df9b94/reactapp/src/components/AdminFeedbackList.test.js","startTime":1753687180951,"status":"passed","summary":""},{"assertionResults":[{"ancestorTitles":["FeedbackForm"],"failureMessages":[],"fullName":"FeedbackForm testFeedbackFormRendering: fields, submit button, error/success states","location":null,"status":"passed","title":"testFeedbackFormRendering: fields, submit button, error/success states"},{"ancestorTitles":["FeedbackForm"],"failureMessages":[],"fullName":"FeedbackForm testFeedbackFormValidation: disables submission and shows errors on invalid data","location":null,"status":"passed","title":"testFeedbackFormValidation: disables submission and shows errors on invalid data"}],"endTime":1753687185086,"message":"","name":"/home/coder/project/workspace/question_generation_service/solutions/1c34684a-ddf4-4711-a280-584959df9b94/reactapp/src/components/FeedbackForm.test.js","startTime":1753687180956,"status":"passed","summary":""}],"wasInterrupted":false}